  Functions.cpp
C:\Users\axelf\OneDrive - Universite de Liege\Mémoire\Spinner_Dynamic_Code\Functions.cpp(149,18): warning C4244: 'initialisation' : conversion de 'float' en 'int', perte possible de données
C:\Users\axelf\OneDrive - Universite de Liege\Mémoire\Spinner_Dynamic_Code\Functions.cpp(161,19): warning C4244: '+=' : conversion de 'double' en 'float', perte possible de données
C:\Users\axelf\OneDrive - Universite de Liege\Mémoire\Spinner_Dynamic_Code\Functions.cpp(186,11): warning C4267: 'initialisation' : conversion de 'size_t' en 'int', perte possible de données
C:\Users\axelf\OneDrive - Universite de Liege\Mémoire\Spinner_Dynamic_Code\Functions.cpp(219,11): warning C4267: 'initialisation' : conversion de 'size_t' en 'int', perte possible de données
C:\Users\axelf\OneDrive - Universite de Liege\Mémoire\Spinner_Dynamic_Code\Functions.cpp(224,15): warning C4244: 'initialisation' : conversion de 'float' en 'int', perte possible de données
C:\Users\axelf\OneDrive - Universite de Liege\Mémoire\Spinner_Dynamic_Code\Functions.cpp(229,29): warning C4244: '=' : conversion de 'float' en 'int', perte possible de données
C:\Users\axelf\OneDrive - Universite de Liege\Mémoire\Spinner_Dynamic_Code\Functions.cpp(254,11): warning C4267: 'initialisation' : conversion de 'size_t' en 'int', perte possible de données
C:\Users\axelf\OneDrive - Universite de Liege\Mémoire\Spinner_Dynamic_Code\Functions.cpp(255,11): warning C4267: 'initialisation' : conversion de 'size_t' en 'int', perte possible de données
C:\Users\axelf\OneDrive - Universite de Liege\Mémoire\Spinner_Dynamic_Code\Functions.cpp(270,35): warning C4244: 'argument' : conversion de 'double' en 'const unsigned __int64', perte possible de données
C:\Users\axelf\OneDrive - Universite de Liege\Mémoire\Spinner_Dynamic_Code\Functions.cpp(327,11): warning C4267: 'initialisation' : conversion de 'size_t' en 'int', perte possible de données
C:\Users\axelf\OneDrive - Universite de Liege\Mémoire\Spinner_Dynamic_Code\Functions.cpp(328,11): warning C4267: 'initialisation' : conversion de 'size_t' en 'int', perte possible de données
C:\Users\axelf\OneDrive - Universite de Liege\Mémoire\Spinner_Dynamic_Code\Functions.cpp(350,35): warning C4244: 'argument' : conversion de 'float' en 'const unsigned __int64', perte possible de données
C:\Users\axelf\OneDrive - Universite de Liege\Mémoire\Spinner_Dynamic_Code\Functions.cpp(478,36): warning C4267: 'argument' : conversion de 'size_t' en 'int', perte possible de données
C:\Users\axelf\OneDrive - Universite de Liege\Mémoire\Spinner_Dynamic_Code\Functions.cpp(484,34): warning C4267: 'argument' : conversion de 'size_t' en 'int', perte possible de données
C:\Users\axelf\OneDrive - Universite de Liege\Mémoire\Spinner_Dynamic_Code\Functions.cpp(486,34): warning C4267: 'argument' : conversion de 'size_t' en 'int', perte possible de données
  Spinner_Dynamic.cpp
C:\Users\axelf\OneDrive - Universite de Liege\Mémoire\Spinner_Dynamic_Code\Spinner_Dynamic.cpp(269,15): warning C4244: 'argument' : conversion de 'time_t' en 'unsigned int', perte possible de données
C:\Users\axelf\OneDrive - Universite de Liege\Mémoire\Spinner_Dynamic_Code\Spinner_Dynamic.cpp(297,15): warning C4244: 'argument' : conversion de 'time_t' en 'unsigned int', perte possible de données
C:\Users\axelf\OneDrive - Universite de Liege\Mémoire\Spinner_Dynamic_Code\Spinner_Dynamic.cpp(362,15): warning C4244: 'argument' : conversion de 'time_t' en 'unsigned int', perte possible de données
  main.cpp
  Génération de code en cours
  0 of 163 functions ( 0.0%) were compiled, the rest were copied from previous compilation.
    0 functions were new in current compilation
    3 functions had inline decision re-evaluated but remain unchanged
  Fin de la génération du code
  Spinner_Dynamic_Code.vcxproj -> C:\Users\axelf\OneDrive - Universite de Liege\Mémoire\Spinner_Dynamic_Code\x64\Release\Spinner_Dynamic_Code.exe
