  Functions.cpp
C:\Users\axelf\OneDrive - Universite de Liege\Mémoire\Spinner_Dynamic_Code\Functions.cpp(162,16): warning C4244: 'return' : conversion de 'double' en 'int', perte possible de données
C:\Users\axelf\OneDrive - Universite de Liege\Mémoire\Spinner_Dynamic_Code\Functions.cpp(184,11): warning C4267: 'initialisation' : conversion de 'size_t' en 'int', perte possible de données
C:\Users\axelf\OneDrive - Universite de Liege\Mémoire\Spinner_Dynamic_Code\Functions.cpp(217,11): warning C4267: 'initialisation' : conversion de 'size_t' en 'int', perte possible de données
C:\Users\axelf\OneDrive - Universite de Liege\Mémoire\Spinner_Dynamic_Code\Functions.cpp(252,11): warning C4267: 'initialisation' : conversion de 'size_t' en 'int', perte possible de données
C:\Users\axelf\OneDrive - Universite de Liege\Mémoire\Spinner_Dynamic_Code\Functions.cpp(253,11): warning C4267: 'initialisation' : conversion de 'size_t' en 'int', perte possible de données
C:\Users\axelf\OneDrive - Universite de Liege\Mémoire\Spinner_Dynamic_Code\Functions.cpp(279,68): warning C4244: '+=' : conversion de '_Ty' en 'int', perte possible de données
          with
          [
              _Ty=double
          ]
C:\Users\axelf\OneDrive - Universite de Liege\Mémoire\Spinner_Dynamic_Code\Functions.cpp(395,36): warning C4267: 'argument' : conversion de 'size_t' en 'int', perte possible de données
C:\Users\axelf\OneDrive - Universite de Liege\Mémoire\Spinner_Dynamic_Code\Functions.cpp(401,34): warning C4267: 'argument' : conversion de 'size_t' en 'int', perte possible de données
C:\Users\axelf\OneDrive - Universite de Liege\Mémoire\Spinner_Dynamic_Code\Functions.cpp(403,34): warning C4267: 'argument' : conversion de 'size_t' en 'int', perte possible de données
  main.cpp
  Spinner.cpp
C:\Users\axelf\OneDrive - Universite de Liege\Mémoire\Spinner_Dynamic_Code\Spinner.cpp(37,12): warning C4244: 'return' : conversion de 'double' en 'int', perte possible de données
  Spinner_Dynamic.cpp
C:\Users\axelf\OneDrive - Universite de Liege\Mémoire\Spinner_Dynamic_Code\Spinner_Dynamic.cpp(245,15): warning C4244: 'argument' : conversion de 'time_t' en 'unsigned int', perte possible de données
C:\Users\axelf\OneDrive - Universite de Liege\Mémoire\Spinner_Dynamic_Code\Spinner_Dynamic.cpp(273,15): warning C4244: 'argument' : conversion de 'time_t' en 'unsigned int', perte possible de données
C:\Users\axelf\OneDrive - Universite de Liege\Mémoire\Spinner_Dynamic_Code\Spinner_Dynamic.cpp(338,15): warning C4244: 'argument' : conversion de 'time_t' en 'unsigned int', perte possible de données
  Génération de code en cours...
  Spinner_Dynamic_Code.vcxproj -> C:\Users\axelf\OneDrive - Universite de Liege\Mémoire\Spinner_Dynamic_Code\x64\Debug\Spinner_Dynamic_Code.exe
